-------------------------------------------------------------------------------
Test set: com.hybris.hybris123.runtime.tests.Hybris123Tests
-------------------------------------------------------------------------------
Tests run: 1, Failures: 1, Errors: 0, Skipped: 0, Time elapsed: 1.335 sec <<< FAILURE! - in com.hybris.hybris123.runtime.tests.Hybris123Tests
testServiceLayerClassesExist(com.hybris.hybris123.runtime.tests.Hybris123Tests)  Time elapsed: 1.293 sec  <<< FAILURE!
java.lang.AssertionError: You should have added concerttours.daos.BandDAO.java
	at org.junit.Assert.fail(Assert.java:88)
	at com.hybris.hybris123.runtime.tests.Hybris123Tests.assertTrue(Hybris123Tests.java:1423)
	at com.hybris.hybris123.runtime.tests.Hybris123Tests.testServiceLayerClassesExist(Hybris123Tests.java:1028)

